Watching for file changes with StatReloader
Waiting for apps ready_event.
Apps ready_event triggered. Sending autoreload_started signal.
Watching dir C:\VGBPython\graphql-flask\flask2\djangoServer2\djangoServer\locale with glob **/*.mo.
Watching dir C:\VGBPython\graphql-flask\flask2\djangoServer2\djangoServer\dbapp\locale with glob **/*.mo.
File C:\VGBPython\graphql-flask\flask2\Lib\site-packages\django\urls\conf.py first seen with mtime 1700740613.192178
File C:\VGBPython\graphql-flask\flask2\Lib\site-packages\django\core\files\uploadedfile.py first seen with mtime 1700740612.3237338
File C:\VGBPython\graphql-flask\flask2\Lib\site-packages\django\contrib\admin\checks.py first seen with mtime 1700740604.5602632
File C:\Program Files\WindowsApps\PythonSoftwareFoundation.Python.3.11_3.11.2032.0_x64__qbz5n2kfra8p0\Lib\asyncio\tasks.py first seen with mtime 1697702631.030593
File C:\VGBPython\graphql-flask\flask2\Lib\site-packages\django\db\backends\postgresql\introspection.py first seen with mtime 1700740612.5496767
File C:\VGBPython\graphql-flask\flask2\Lib\site-packages\sqlparse\compat.py first seen with mtime 1700740601.2432194
File C:\Program Files\WindowsApps\PythonSoftwareFoundation.Python.3.11_3.11.2032.0_x64__qbz5n2kfra8p0\Lib\email\iterators.py first seen with mtime 1695137041.9265544
File C:\VGBPython\graphql-flask\flask2\Lib\site-packages\django\template\utils.py first seen with mtime 1700740613.11351
File C:\VGBPython\graphql-flask\flask2\Lib\site-packages\django\utils\autoreload.py first seen with mtime 1700740613.2141404
File C:\VGBPython\graphql-flask\flask2\Lib\site-packages\django\core\cache\backends\filebased.py first seen with mtime 1700740612.2213576
File C:\Program Files\WindowsApps\PythonSoftwareFoundation.Python.3.11_3.11.2032.0_x64__qbz5n2kfra8p0\Lib\asyncio\base_subprocess.py first seen with mtime 1688739898.1569176
File C:\VGBPython\graphql-flask\flask2\Lib\site-packages\django\db\backends\base\client.py first seen with mtime 1700740612.4670186
File C:\VGBPython\graphql-flask\flask2\Lib\site-packages\django\views\generic\__init__.py first seen with mtime 1700740613.3401086
File C:\Program Files\WindowsApps\PythonSoftwareFoundation.Python.3.11_3.11.2032.0_x64__qbz5n2kfra8p0\Lib\sysconfig.py first seen with mtime 1688739903.5652463
File C:\Program Files\WindowsApps\PythonSoftwareFoundation.Python.3.11_3.11.2032.0_x64__qbz5n2kfra8p0\Lib\asyncio\runners.py first seen with mtime 1688739898.1780496
File C:\Program Files\WindowsApps\PythonSoftwareFoundation.Python.3.11_3.11.2032.0_x64__qbz5n2kfra8p0\Lib\uuid.py first seen with mtime 1688739903.8616264
File C:\Program Files\WindowsApps\PythonSoftwareFoundation.Python.3.11_3.11.2032.0_x64__qbz5n2kfra8p0\Lib\mimetypes.py first seen with mtime 1688739900.4227312
File C:\Program Files\WindowsApps\PythonSoftwareFoundation.Python.3.11_3.11.2032.0_x64__qbz5n2kfra8p0\Lib\textwrap.py first seen with mtime 1688739903.5692458
File C:\VGBPython\graphql-flask\flask2\Lib\site-packages\django\db\models\signals.py first seen with mtime 1700740612.6478226
File C:\VGBPython\graphql-flask\flask2\Lib\site-packages\sqlparse\exceptions.py first seen with mtime 1700740601.246764
File C:\Program Files\WindowsApps\PythonSoftwareFoundation.Python.3.11_3.11.2032.0_x64__qbz5n2kfra8p0\Lib\asyncio\format_helpers.py first seen with mtime 1688739898.1641023
File C:\VGBPython\graphql-flask\flask2\Lib\site-packages\django\contrib\admin\templatetags\admin_modify.py first seen with mtime 1700740606.104732
File C:\VGBPython\graphql-flask\flask2\Lib\site-packages\django\core\checks\caches.py first seen with mtime 1700740612.2508855
File C:\VGBPython\graphql-flask\flask2\Lib\site-packages\django\http\__init__.py first seen with mtime 1700740613.0315604
File C:\VGBPython\graphql-flask\flask2\Lib\site-packages\django\contrib\sessions\middleware.py first seen with mtime 1700740610.973076
File C:\Program Files\WindowsApps\PythonSoftwareFoundation.Python.3.11_3.11.2032.0_x64__qbz5n2kfra8p0\Lib\re\_compiler.py first seen with mtime 1701762278.7800708
File C:\VGBPython\graphql-flask\flask2\Lib\site-packages\django\db\models\aggregates.py first seen with mtime 1700740612.6221962
File C:\VGBPython\graphql-flask\flask2\Lib\site-packages\django\contrib\contenttypes\models.py first seen with mtime 1700740607.343482
File C:\VGBPython\graphql-flask\flask2\Lib\site-packages\asgiref\sync.py first seen with mtime 1700739672.1466181
File C:\VGBPython\graphql-flask\flask2\Lib\site-packages\django\contrib\sessions\models.py first seen with mtime 1700740610.9740577
File C:\Program Files\WindowsApps\PythonSoftwareFoundation.Python.3.11_3.11.2032.0_x64__qbz5n2kfra8p0\Lib\asyncio\base_events.py first seen with mtime 1695137041.391568
File C:\Program Files\WindowsApps\PythonSoftwareFoundation.Python.3.11_3.11.2032.0_x64__qbz5n2kfra8p0\Lib\concurrent\futures\__init__.py first seen with mtime 1688739898.383893
File C:\VGBPython\graphql-flask\flask2\Lib\site-packages\django\db\models\sql\query.py first seen with mtime 1700740612.700334
File C:\VGBPython\graphql-flask\flask2\Lib\site-packages\django\db\backends\postgresql\operations.py first seen with mtime 1700740612.5526707
File C:\VGBPython\graphql-flask\flask2\Lib\site-packages\django\db\models\fields\related.py first seen with mtime 1700740612.6635299
File C:\VGBPython\graphql-flask\flask2\Lib\site-packages\django\templatetags\__init__.py first seen with mtime 1700740613.1471667
File C:\VGBPython\graphql-flask\flask2\Lib\site-packages\colorama\initialise.py first seen with mtime 1700492389.848393
File C:\VGBPython\graphql-flask\flask2\Lib\site-packages\django\views\decorators\common.py first seen with mtime 1700740613.3265605
File C:\Program Files\WindowsApps\PythonSoftwareFoundation.Python.3.11_3.11.2032.0_x64__qbz5n2kfra8p0\Lib\email\encoders.py first seen with mtime 1695137041.8751905
File C:\VGBPython\graphql-flask\flask2\Lib\site-packages\django\forms\forms.py first seen with mtime 1700740612.7226255
File C:\Program Files\WindowsApps\PythonSoftwareFoundation.Python.3.11_3.11.2032.0_x64__qbz5n2kfra8p0\Lib\nturl2path.py first seen with mtime 1688739900.5827956
File C:\Program Files\WindowsApps\PythonSoftwareFoundation.Python.3.11_3.11.2032.0_x64__qbz5n2kfra8p0\Lib\ast.py first seen with mtime 1697702631.004575
File C:\VGBPython\graphql-flask\flask2\Lib\site-packages\django\contrib\admin\__init__.py first seen with mtime 1700740604.5547507
File C:\Program Files\WindowsApps\PythonSoftwareFoundation.Python.3.11_3.11.2032.0_x64__qbz5n2kfra8p0\Lib\asyncio\events.py first seen with mtime 1695137041.4150844
File C:\VGBPython\graphql-flask\flask2\Lib\site-packages\django\contrib\contenttypes\checks.py first seen with mtime 1700740607.3364882
File C:\VGBPython\graphql-flask\flask2\Lib\site-packages\django\utils\termcolors.py first seen with mtime 1700740613.2795913
File C:\Program Files\WindowsApps\PythonSoftwareFoundation.Python.3.11_3.11.2032.0_x64__qbz5n2kfra8p0\DLLs\_overlapped.pyd first seen with mtime 1701762220.256508
File C:\VGBPython\graphql-flask\flask2\Lib\site-packages\django\core\mail\utils.py first seen with mtime 1700740612.3457012
File C:\VGBPython\graphql-flask\flask2\Lib\site-packages\django\db\backends\base\schema.py first seen with mtime 1700740612.4804518
File C:\VGBPython\graphql-flask\flask2\Lib\site-packages\django\forms\renderers.py first seen with mtime 1700740612.7291625
File C:\VGBPython\graphql-flask\flask2\Lib\site-packages\django\contrib\staticfiles\finders.py first seen with mtime 1700740612.1428635
File C:\VGBPython\graphql-flask\flask2\Lib\site-packages\django\utils\timesince.py first seen with mtime 1700740613.283584
File C:\Program Files\WindowsApps\PythonSoftwareFoundation.Python.3.11_3.11.2032.0_x64__qbz5n2kfra8p0\Lib\email\_policybase.py first seen with mtime 1688739898.6947548
File C:\Program Files\WindowsApps\PythonSoftwareFoundation.Python.3.11_3.11.2032.0_x64__qbz5n2kfra8p0\Lib\platform.py first seen with mtime 1688739900.6008346
File C:\VGBPython\graphql-flask\flask2\Lib\site-packages\psycopg2\errors.py first seen with mtime 1700496361.0217497
File C:\VGBPython\graphql-flask\flask2\Lib\site-packages\django\core\cache\backends\base.py first seen with mtime 1700740612.1983156
File C:\VGBPython\graphql-flask\flask2\Lib\site-packages\sqlparse\utils.py first seen with mtime 1700740601.232761
File C:\VGBPython\graphql-flask\flask2\Lib\site-packages\django\contrib\__init__.py first seen with mtime 1700740604.5527494
File C:\VGBPython\graphql-flask\flask2\Lib\site-packages\django\utils\numberformat.py first seen with mtime 1700740613.273417
File C:\Program Files\WindowsApps\PythonSoftwareFoundation.Python.3.11_3.11.2032.0_x64__qbz5n2kfra8p0\Lib\asyncio\timeouts.py first seen with mtime 1701762250.6545925
File C:\VGBPython\graphql-flask\flask2\Lib\site-packages\colorama\winterm.py first seen with mtime 1700492389.8536093
File C:\VGBPython\graphql-flask\flask2\djangoServer2\djangoServer\dbapp\models.py first seen with mtime 1702038402.009852
File C:\Program Files\WindowsApps\PythonSoftwareFoundation.Python.3.11_3.11.2032.0_x64__qbz5n2kfra8p0\Lib\warnings.py first seen with mtime 1688739903.8980265
File C:\VGBPython\graphql-flask\flask2\Lib\site-packages\sqlparse\engine\grouping.py first seen with mtime 1700740601.255788
File C:\Program Files\WindowsApps\PythonSoftwareFoundation.Python.3.11_3.11.2032.0_x64__qbz5n2kfra8p0\Lib\email\quoprimime.py first seen with mtime 1688739898.6917558
File C:\Program Files\WindowsApps\PythonSoftwareFoundation.Python.3.11_3.11.2032.0_x64__qbz5n2kfra8p0\Lib\wsgiref\simple_server.py first seen with mtime 1688739903.902191
File C:\VGBPython\graphql-flask\flask2\Lib\site-packages\django\forms\fields.py first seen with mtime 1700740612.7206256
File C:\Program Files\WindowsApps\PythonSoftwareFoundation.Python.3.11_3.11.2032.0_x64__qbz5n2kfra8p0\Lib\email\_header_value_parser.py first seen with mtime 1688739898.6937554
File C:\Program Files\WindowsApps\PythonSoftwareFoundation.Python.3.11_3.11.2032.0_x64__qbz5n2kfra8p0\Lib\wsgiref\__init__.py first seen with mtime 1688739903.905191
File C:\Program Files\WindowsApps\PythonSoftwareFoundation.Python.3.11_3.11.2032.0_x64__qbz5n2kfra8p0\Lib\collections\__init__.py first seen with mtime 1695137041.664761
File C:\VGBPython\graphql-flask\flask2\Lib\site-packages\django\utils\encoding.py first seen with mtime 1700740613.2457223
File C:\VGBPython\graphql-flask\flask2\Lib\site-packages\django\core\files\utils.py first seen with mtime 1700740612.3288567
File C:\VGBPython\graphql-flask\flask2\Lib\site-packages\django\db\models\sql\constants.py first seen with mtime 1700740612.6953807
File C:\VGBPython\graphql-flask\flask2\Lib\site-packages\django\contrib\staticfiles\views.py first seen with mtime 1700740612.1556835
File C:\VGBPython\graphql-flask\flask2\Lib\site-packages\django\db\migrations\operations\__init__.py first seen with mtime 1700740612.6089919
File C:\VGBPython\graphql-flask\flask2\Lib\site-packages\django\contrib\auth\management\__init__.py first seen with mtime 1700740607.2820272
File C:\Program Files\WindowsApps\PythonSoftwareFoundation.Python.3.11_3.11.2032.0_x64__qbz5n2kfra8p0\Lib\urllib\response.py first seen with mtime 1688739903.8288088
File C:\VGBPython\graphql-flask\flask2\Lib\site-packages\django\db\backends\base\__init__.py first seen with mtime 1700740612.4616523
File C:\VGBPython\graphql-flask\flask2\Lib\site-packages\django\shortcuts.py first seen with mtime 1700740603.7495992
File C:\VGBPython\graphql-flask\flask2\Lib\site-packages\sqlparse\tokens.py first seen with mtime 1700740601.2317622
File C:\VGBPython\graphql-flask\flask2\Lib\site-packages\sqlparse\formatter.py first seen with mtime 1700740601.2380736
File C:\VGBPython\graphql-flask\flask2\Lib\site-packages\django\contrib\admin\options.py first seen with mtime 1700740604.5753834
File C:\VGBPython\graphql-flask\flask2\Lib\site-packages\django\contrib\staticfiles\checks.py first seen with mtime 1700740612.1408668
File C:\VGBPython\graphql-flask\flask2\Lib\site-packages\django\templatetags\l10n.py first seen with mtime 1700740613.1540432
File C:\Program Files\WindowsApps\PythonSoftwareFoundation.Python.3.11_3.11.2032.0_x64__qbz5n2kfra8p0\Lib\email\errors.py first seen with mtime 1688739898.6727448
File C:\VGBPython\graphql-flask\flask2\Lib\site-packages\django\contrib\staticfiles\handlers.py first seen with mtime 1700740612.143866
File C:\VGBPython\graphql-flask\flask2\Lib\site-packages\django\contrib\contenttypes\management\__init__.py first seen with mtime 1700740607.836958
File C:\VGBPython\graphql-flask\flask2\Lib\site-packages\django\template\library.py first seen with mtime 1700740613.0978396
File C:\VGBPython\graphql-flask\flask2\Lib\site-packages\django\db\__init__.py first seen with mtime 1700740612.449103
File C:\Program Files\WindowsApps\PythonSoftwareFoundation.Python.3.11_3.11.2032.0_x64__qbz5n2kfra8p0\Lib\encodings\__init__.py first seen with mtime 1688739898.905352
File C:\VGBPython\graphql-flask\flask2\Lib\site-packages\django\http\multipartparser.py first seen with mtime 1700740613.0377738
File C:\VGBPython\graphql-flask\flask2\Lib\site-packages\sqlparse\filters\tokens.py first seen with mtime 1700740601.2653966
File C:\VGBPython\graphql-flask\flask2\Lib\site-packages\django\core\cache\utils.py first seen with mtime 1700740612.1937838
File C:\VGBPython\graphql-flask\flask2\Lib\site-packages\sqlparse\engine\filter_stack.py first seen with mtime 1700740601.249762
File C:\VGBPython\graphql-flask\flask2\Lib\site-packages\django\contrib\contenttypes\__init__.py first seen with mtime 1700740607.3301134
File C:\VGBPython\graphql-flask\flask2\Lib\site-packages\django\core\serializers\__init__.py first seen with mtime 1700740612.4305658
File C:\VGBPython\graphql-flask\flask2\Lib\site-packages\django\contrib\messages\constants.py first seen with mtime 1700740609.9404218
File C:\Program Files\WindowsApps\PythonSoftwareFoundation.Python.3.11_3.11.2032.0_x64__qbz5n2kfra8p0\Lib\email\mime\message.py first seen with mtime 1695137041.9580567
File C:\VGBPython\graphql-flask\flask2\Lib\site-packages\django\http\cookie.py first seen with mtime 1700740613.034749
File C:\VGBPython\graphql-flask\flask2\Lib\site-packages\django\contrib\messages\storage\base.py first seen with mtime 1700740609.9519348
File C:\Program Files\WindowsApps\PythonSoftwareFoundation.Python.3.11_3.11.2032.0_x64__qbz5n2kfra8p0\Lib\asyncio\exceptions.py first seen with mtime 1688739898.1630447
File C:\VGBPython\graphql-flask\flask2\Lib\site-packages\django\contrib\messages\utils.py first seen with mtime 1700740609.9454157
File C:\VGBPython\graphql-flask\flask2\Lib\site-packages\django\urls\resolvers.py first seen with mtime 1700740613.1989582
File C:\VGBPython\graphql-flask\flask2\Lib\site-packages\django\utils\decorators.py first seen with mtime 1700740613.238485
File C:\VGBPython\graphql-flask\flask2\djangoServer2\djangoServer\config\config.py first seen with mtime 1701948738.577176
File C:\Program Files\WindowsApps\PythonSoftwareFoundation.Python.3.11_3.11.2032.0_x64__qbz5n2kfra8p0\DLLs\_lzma.pyd first seen with mtime 1701762220.2378447
File C:\Program Files\WindowsApps\PythonSoftwareFoundation.Python.3.11_3.11.2032.0_x64__qbz5n2kfra8p0\DLLs\_ctypes.pyd first seen with mtime 1701762220.183244
File C:\Program Files\WindowsApps\PythonSoftwareFoundation.Python.3.11_3.11.2032.0_x64__qbz5n2kfra8p0\Lib\dis.py first seen with mtime 1701762250.6915388
File C:\VGBPython\graphql-flask\flask2\Lib\site-packages\django\views\decorators\debug.py first seen with mtime 1700740613.33056
File C:\VGBPython\graphql-flask\flask2\Lib\site-packages\django\db\models\fields\json.py first seen with mtime 1700740612.6575272
File C:\Program Files\WindowsApps\PythonSoftwareFoundation.Python.3.11_3.11.2032.0_x64__qbz5n2kfra8p0\Lib\importlib\__init__.py first seen with mtime 1688739900.1660402
File C:\VGBPython\graphql-flask\flask2\Lib\site-packages\django\forms\utils.py first seen with mtime 1700740612.7317789
File C:\Program Files\WindowsApps\PythonSoftwareFoundation.Python.3.11_3.11.2032.0_x64__qbz5n2kfra8p0\Lib\bisect.py first seen with mtime 1688739898.3481972
File C:\VGBPython\graphql-flask\flask2\Lib\site-packages\django\db\models\enums.py first seen with mtime 1700740612.6327403
File C:\VGBPython\graphql-flask\flask2\Lib\site-packages\django\contrib\admin\templatetags\admin_list.py first seen with mtime 1700740606.103733
File C:\Program Files\WindowsApps\PythonSoftwareFoundation.Python.3.11_3.11.2032.0_x64__qbz5n2kfra8p0\Lib\inspect.py first seen with mtime 1688739900.1804824
File C:\Program Files\WindowsApps\PythonSoftwareFoundation.Python.3.11_3.11.2032.0_x64__qbz5n2kfra8p0\Lib\email\headerregistry.py first seen with mtime 1688739898.675746
File C:\VGBPython\graphql-flask\flask2\Lib\site-packages\django\utils\lorem_ipsum.py first seen with mtime 1700740613.2694209
File C:\VGBPython\graphql-flask\flask2\Lib\site-packages\django\utils\deconstruct.py first seen with mtime 1700740613.2365172
File C:\VGBPython\graphql-flask\flask2\Lib\site-packages\sqlparse\engine\statement_splitter.py first seen with mtime 1700740601.2517645
File C:\VGBPython\graphql-flask\flask2\Lib\site-packages\django\core\handlers\base.py first seen with mtime 1700740612.335437
File C:\VGBPython\graphql-flask\flask2\Lib\site-packages\django\template\response.py first seen with mtime 1700740613.1059654
File C:\VGBPython\graphql-flask\flask2\djangoServer2\djangoServer\dbapp\__init__.py first seen with mtime 1702038081.7132924
File C:\Program Files\WindowsApps\PythonSoftwareFoundation.Python.3.11_3.11.2032.0_x64__qbz5n2kfra8p0\Lib\lzma.py first seen with mtime 1688739900.419731
File C:\Program Files\WindowsApps\PythonSoftwareFoundation.Python.3.11_3.11.2032.0_x64__qbz5n2kfra8p0\Lib\copy.py first seen with mtime 1688739898.4071312
File C:\VGBPython\graphql-flask\flask2\Lib\site-packages\django\core\handlers\exception.py first seen with mtime 1700740612.3373795
File C:\VGBPython\graphql-flask\flask2\Lib\site-packages\django\middleware\__init__.py first seen with mtime 1700740613.045357
File C:\Program Files\WindowsApps\PythonSoftwareFoundation.Python.3.11_3.11.2032.0_x64__qbz5n2kfra8p0\Lib\email\_parseaddr.py first seen with mtime 1688739898.6947548
File C:\Program Files\WindowsApps\PythonSoftwareFoundation.Python.3.11_3.11.2032.0_x64__qbz5n2kfra8p0\Lib\__future__.py first seen with mtime 1688739904.0424871
File C:\VGBPython\graphql-flask\flask2\Lib\site-packages\django\contrib\staticfiles\__init__.py first seen with mtime 1700740612.136204
File C:\Program Files\WindowsApps\PythonSoftwareFoundation.Python.3.11_3.11.2032.0_x64__qbz5n2kfra8p0\DLLs\unicodedata.pyd first seen with mtime 1701762220.1684148
File C:\VGBPython\graphql-flask\flask2\Lib\site-packages\django\core\files\locks.py first seen with mtime 1700740612.3105063
File C:\VGBPython\graphql-flask\flask2\djangoServer2\djangoServer\dbapp\admin.py first seen with mtime 1702038081.6760755
File C:\Program Files\WindowsApps\PythonSoftwareFoundation.Python.3.11_3.11.2032.0_x64__qbz5n2kfra8p0\Lib\asyncio\protocols.py first seen with mtime 1688739898.174035
File C:\VGBPython\graphql-flask\flask2\Lib\site-packages\colorama\ansi.py first seen with mtime 1700492389.8443954
File C:\VGBPython\graphql-flask\flask2\Lib\site-packages\sqlparse\filters\aligned_indent.py first seen with mtime 1700740601.2684178
File C:\VGBPython\graphql-flask\flask2\Lib\site-packages\psycopg2\extensions.py first seen with mtime 1700496361.0262272
File C:\Program Files\WindowsApps\PythonSoftwareFoundation.Python.3.11_3.11.2032.0_x64__qbz5n2kfra8p0\Lib\operator.py first seen with mtime 1688739900.5867927
File C:\VGBPython\graphql-flask\flask2\Lib\site-packages\django\db\backends\base\operations.py first seen with mtime 1700740612.4779592
File C:\VGBPython\graphql-flask\flask2\Lib\site-packages\django\contrib\auth\tokens.py first seen with mtime 1700740606.6962788
File C:\VGBPython\graphql-flask\flask2\Lib\site-packages\django\contrib\auth\password_validation.py first seen with mtime 1700740606.6911013
File C:\VGBPython\graphql-flask\flask2\Lib\site-packages\django\db\models\lookups.py first seen with mtime 1700740612.6382897
File C:\Program Files\WindowsApps\PythonSoftwareFoundation.Python.3.11_3.11.2032.0_x64__qbz5n2kfra8p0\Lib\email\feedparser.py first seen with mtime 1695137041.8797057
File C:\VGBPython\graphql-flask\flask2\Lib\site-packages\sqlparse\filters\output.py first seen with mtime 1700740601.2618809
File C:\Program Files\WindowsApps\PythonSoftwareFoundation.Python.3.11_3.11.2032.0_x64__qbz5n2kfra8p0\DLLs\_ssl.pyd first seen with mtime 1701762220.2782
File C:\Program Files\WindowsApps\PythonSoftwareFoundation.Python.3.11_3.11.2032.0_x64__qbz5n2kfra8p0\Lib\html\__init__.py first seen with mtime 1688739899.4206078
File C:\VGBPython\graphql-flask\flask2\Lib\site-packages\django\core\handlers\wsgi.py first seen with mtime 1700740612.340176
File C:\VGBPython\graphql-flask\flask2\Lib\site-packages\django\contrib\staticfiles\management\__init__.py first seen with mtime 1700740612.1577075
File C:\VGBPython\graphql-flask\flask2\Lib\site-packages\django\contrib\admin\sites.py first seen with mtime 1700740604.576964
File C:\VGBPython\graphql-flask\flask2\Lib\site-packages\django\db\models\deletion.py first seen with mtime 1700740612.6307428
File C:\VGBPython\graphql-flask\flask2\Lib\site-packages\django\contrib\admin\templatetags\log.py first seen with mtime 1700740606.1112757
File C:\VGBPython\graphql-flask\flask2\Lib\site-packages\django\db\models\__init__.py first seen with mtime 1700740612.6201804
File C:\Program Files\WindowsApps\PythonSoftwareFoundation.Python.3.11_3.11.2032.0_x64__qbz5n2kfra8p0\Lib\email\mime\multipart.py first seen with mtime 1695137041.9722705
File C:\VGBPython\graphql-flask\flask2\Lib\site-packages\django\db\backends\postgresql\features.py first seen with mtime 1700740612.547662
File C:\VGBPython\graphql-flask\flask2\Lib\site-packages\django\utils\datastructures.py first seen with mtime 1700740613.2246761
File C:\VGBPython\graphql-flask\flask2\Lib\site-packages\django\contrib\staticfiles\management\commands\__init__.py first seen with mtime 1700740612.1597447
File C:\VGBPython\graphql-flask\flask2\Lib\site-packages\django\contrib\admin\exceptions.py first seen with mtime 1700740604.5632763
File C:\Program Files\WindowsApps\PythonSoftwareFoundation.Python.3.11_3.11.2032.0_x64__qbz5n2kfra8p0\Lib\email\base64mime.py first seen with mtime 1695137041.8548758
File C:\VGBPython\graphql-flask\flask2\Lib\site-packages\asgiref\current_thread_executor.py first seen with mtime 1700739672.140507
File C:\VGBPython\graphql-flask\flask2\Lib\site-packages\django\template\loaders\filesystem.py first seen with mtime 1700740613.142636
File C:\VGBPython\graphql-flask\flask2\Lib\site-packages\django\utils\deprecation.py first seen with mtime 1700740613.240489
File C:\Program Files\WindowsApps\PythonSoftwareFoundation.Python.3.11_3.11.2032.0_x64__qbz5n2kfra8p0\Lib\json\decoder.py first seen with mtime 1688739900.198464
File C:\VGBPython\graphql-flask\flask2\Lib\site-packages\django\core\checks\database.py first seen with mtime 1700740612.252885
File C:\VGBPython\graphql-flask\flask2\Lib\site-packages\django\contrib\auth\validators.py first seen with mtime 1700740606.7013013
File C:\Program Files\WindowsApps\PythonSoftwareFoundation.Python.3.11_3.11.2032.0_x64__qbz5n2kfra8p0\Lib\enum.py first seen with mtime 1701762250.697399
File C:\Program Files\WindowsApps\PythonSoftwareFoundation.Python.3.11_3.11.2032.0_x64__qbz5n2kfra8p0\Lib\difflib.py first seen with mtime 1688739898.464069
File C:\Program Files\WindowsApps\PythonSoftwareFoundation.Python.3.11_3.11.2032.0_x64__qbz5n2kfra8p0\Lib\bz2.py first seen with mtime 1688739898.3501637
File C:\VGBPython\graphql-flask\flask2\Lib\site-packages\django\contrib\auth\base_user.py first seen with mtime 1700740606.6707654
File C:\VGBPython\graphql-flask\flask2\Lib\site-packages\django\db\backends\__init__.py first seen with mtime 1700740612.4541254
File C:\VGBPython\graphql-flask\flask2\Lib\site-packages\django\db\migrations\__init__.py first seen with mtime 1700740612.5768182
File C:\VGBPython\graphql-flask\flask2\Lib\site-packages\psycopg2\__init__.py first seen with mtime 1700496360.9763372
File C:\VGBPython\graphql-flask\flask2\Lib\site-packages\django\contrib\contenttypes\forms.py first seen with mtime 1700740607.340479
File C:\Program Files\WindowsApps\PythonSoftwareFoundation.Python.3.11_3.11.2032.0_x64__qbz5n2kfra8p0\Lib\urllib\__init__.py first seen with mtime 1701762197.1354065
File C:\VGBPython\graphql-flask\flask2\Lib\site-packages\django\db\models\query_utils.py first seen with mtime 1700740612.6468127
File C:\VGBPython\graphql-flask\flask2\Lib\site-packages\sqlparse\lexer.py first seen with mtime 1700740601.2477615
File C:\Program Files\WindowsApps\PythonSoftwareFoundation.Python.3.11_3.11.2032.0_x64__qbz5n2kfra8p0\Lib\asyncio\sslproto.py first seen with mtime 1688739898.182109
File C:\VGBPython\graphql-flask\flask2\Lib\site-packages\django\db\migrations\operations\models.py first seen with mtime 1700740612.61398
File C:\VGBPython\graphql-flask\flask2\Lib\site-packages\django\core\exceptions.py first seen with mtime 1700740612.177806
File C:\VGBPython\graphql-flask\flask2\Lib\site-packages\django\dispatch\__init__.py first seen with mtime 1700740612.7076676
File C:\Program Files\WindowsApps\PythonSoftwareFoundation.Python.3.11_3.11.2032.0_x64__qbz5n2kfra8p0\Lib\http\server.py first seen with mtime 1688739899.4677744
File C:\Program Files\WindowsApps\PythonSoftwareFoundation.Python.3.11_3.11.2032.0_x64__qbz5n2kfra8p0\Lib\hashlib.py first seen with mtime 1688739899.41465
File C:\VGBPython\graphql-flask\flask2\Lib\site-packages\django\urls\exceptions.py first seen with mtime 1700740613.1973963
File C:\Program Files\WindowsApps\PythonSoftwareFoundation.Python.3.11_3.11.2032.0_x64__qbz5n2kfra8p0\Lib\html\parser.py first seen with mtime 1688739899.4196072
File C:\VGBPython\graphql-flask\flask2\Lib\site-packages\django\core\handlers\__init__.py first seen with mtime 1700740612.330837
File C:\VGBPython\graphql-flask\flask2\Lib\site-packages\django\template\smartif.py first seen with mtime 1700740613.1115036
File C:\VGBPython\graphql-flask\flask2\Lib\site-packages\django\conf\global_settings.py first seen with mtime 1700740603.7643344
File C:\Program Files\WindowsApps\PythonSoftwareFoundation.Python.3.11_3.11.2032.0_x64__qbz5n2kfra8p0\Lib\asyncio\base_futures.py first seen with mtime 1688739898.1559026
File C:\Program Files\WindowsApps\PythonSoftwareFoundation.Python.3.11_3.11.2032.0_x64__qbz5n2kfra8p0\Lib\asyncio\locks.py first seen with mtime 1688739898.167039
File C:\VGBPython\graphql-flask\flask2\Lib\site-packages\django\db\models\fields\reverse_related.py first seen with mtime 1700740612.6722648
File C:\VGBPython\graphql-flask\flask2\Lib\site-packages\django\contrib\sites\__init__.py first seen with mtime 1700740611.559498
File C:\Program Files\WindowsApps\PythonSoftwareFoundation.Python.3.11_3.11.2032.0_x64__qbz5n2kfra8p0\Lib\email\mime\base.py first seen with mtime 1695137041.9352891
File C:\Program Files\WindowsApps\PythonSoftwareFoundation.Python.3.11_3.11.2032.0_x64__qbz5n2kfra8p0\Lib\wsgiref\handlers.py first seen with mtime 1688739903.901182
File C:\Program Files\WindowsApps\PythonSoftwareFoundation.Python.3.11_3.11.2032.0_x64__qbz5n2kfra8p0\Lib\asyncio\staggered.py first seen with mtime 1688739898.1831365
File C:\VGBPython\graphql-flask\flask2\Lib\site-packages\django\db\models\options.py first seen with mtime 1700740612.6422877
File C:\Program Files\WindowsApps\PythonSoftwareFoundation.Python.3.11_3.11.2032.0_x64__qbz5n2kfra8p0\Lib\argparse.py first seen with mtime 1688739898.1242814
File C:\VGBPython\graphql-flask\flask2\Lib\site-packages\django\contrib\admin\views\main.py first seen with mtime 1700740606.118529
File C:\VGBPython\graphql-flask\flask2\Lib\site-packages\django\contrib\contenttypes\fields.py first seen with mtime 1700740607.3384821
File C:\VGBPython\graphql-flask\flask2\Lib\site-packages\django\utils\version.py first seen with mtime 1700740613.291811
File C:\VGBPython\graphql-flask\flask2\Lib\site-packages\django\views\generic\edit.py first seen with mtime 1700740613.3521616
File C:\Program Files\WindowsApps\PythonSoftwareFoundation.Python.3.11_3.11.2032.0_x64__qbz5n2kfra8p0\Lib\html\entities.py first seen with mtime 1688739899.4186068
File C:\Program Files\WindowsApps\PythonSoftwareFoundation.Python.3.11_3.11.2032.0_x64__qbz5n2kfra8p0\Lib\re\__init__.py first seen with mtime 1688739900.6793346
File C:\VGBPython\graphql-flask\flask2\Lib\site-packages\django\contrib\admin\utils.py first seen with mtime 1700740604.5809367
File C:\VGBPython\graphql-flask\flask2\Lib\site-packages\psycopg2\extras.py first seen with mtime 1700496361.0297759
File C:\VGBPython\graphql-flask\flask2\Lib\site-packages\django\template\defaultfilters.py first seen with mtime 1700740613.0845969
File C:\VGBPython\graphql-flask\flask2\Lib\site-packages\django\utils\hashable.py first seen with mtime 1700740613.253743
File C:\VGBPython\graphql-flask\flask2\Lib\site-packages\django\views\static.py first seen with mtime 1700740613.3178072
File C:\Program Files\WindowsApps\PythonSoftwareFoundation.Python.3.11_3.11.2032.0_x64__qbz5n2kfra8p0\Lib\_compat_pickle.py first seen with mtime 1688739904.0334578
File C:\Program Files\WindowsApps\PythonSoftwareFoundation.Python.3.11_3.11.2032.0_x64__qbz5n2kfra8p0\Lib\email\__init__.py first seen with mtime 1695137042.1866376
File C:\VGBPython\graphql-flask\flask2\Lib\site-packages\django\utils\log.py first seen with mtime 1700740613.2674067
File C:\VGBPython\graphql-flask\flask2\Lib\site-packages\django\db\backends\signals.py first seen with mtime 1700740612.4586875
File C:\Program Files\WindowsApps\PythonSoftwareFoundation.Python.3.11_3.11.2032.0_x64__qbz5n2kfra8p0\Lib\email\mime\nonmultipart.py first seen with mtime 1695137041.979899
File C:\Program Files\WindowsApps\PythonSoftwareFoundation.Python.3.11_3.11.2032.0_x64__qbz5n2kfra8p0\Lib\contextvars.py first seen with mtime 1688739898.4066703
File C:\Program Files\WindowsApps\PythonSoftwareFoundation.Python.3.11_3.11.2032.0_x64__qbz5n2kfra8p0\Lib\secrets.py first seen with mtime 1688739900.7137465
File C:\Program Files\WindowsApps\PythonSoftwareFoundation.Python.3.11_3.11.2032.0_x64__qbz5n2kfra8p0\Lib\asyncio\threads.py first seen with mtime 1688739898.1931021
File C:\VGBPython\graphql-flask\flask2\Lib\site-packages\django\core\checks\urls.py first seen with mtime 1700740612.2740548
File C:\VGBPython\graphql-flask\flask2\Lib\site-packages\django\core\files\base.py first seen with mtime 1700740612.3058033
File C:\VGBPython\graphql-flask\flask2\Lib\site-packages\django\db\backends\ddl_references.py first seen with mtime 1700740612.4566703
File C:\Program Files\WindowsApps\PythonSoftwareFoundation.Python.3.11_3.11.2032.0_x64__qbz5n2kfra8p0\DLLs\_uuid.pyd first seen with mtime 1701762220.285272
File C:\Program Files\WindowsApps\PythonSoftwareFoundation.Python.3.11_3.11.2032.0_x64__qbz5n2kfra8p0\DLLs\_asyncio.pyd first seen with mtime 1701762220.1734333
File C:\VGBPython\graphql-flask\flask2\Lib\site-packages\django\core\checks\security\base.py first seen with mtime 1700740612.2865503
File C:\VGBPython\graphql-flask\flask2\Lib\site-packages\django\template\__init__.py first seen with mtime 1700740613.071007
File C:\VGBPython\graphql-flask\flask2\Lib\site-packages\django\contrib\sessions\base_session.py first seen with mtime 1700740610.9700556
File C:\VGBPython\graphql-flask\flask2\Lib\site-packages\django\urls\utils.py first seen with mtime 1700740613.2019484
File C:\Program Files\WindowsApps\PythonSoftwareFoundation.Python.3.11_3.11.2032.0_x64__qbz5n2kfra8p0\Lib\urllib\error.py first seen with mtime 1688739903.8237832
File C:\Program Files\WindowsApps\PythonSoftwareFoundation.Python.3.11_3.11.2032.0_x64__qbz5n2kfra8p0\Lib\encodings\cp1252.py first seen with mtime 1688739898.8174613
File C:\Program Files\WindowsApps\PythonSoftwareFoundation.Python.3.11_3.11.2032.0_x64__qbz5n2kfra8p0\Lib\copyreg.py first seen with mtime 1688739898.4071312
File C:\Program Files\WindowsApps\PythonSoftwareFoundation.Python.3.11_3.11.2032.0_x64__qbz5n2kfra8p0\Lib\tempfile.py first seen with mtime 1688739903.5682483
File C:\VGBPython\graphql-flask\flask2\Lib\site-packages\django\contrib\admin\decorators.py first seen with mtime 1700740604.5622733
File C:\VGBPython\graphql-flask\flask2\Lib\site-packages\django\contrib\admin\apps.py first seen with mtime 1700740604.5582652
File C:\VGBPython\graphql-flask\flask2\Lib\site-packages\django\template\loader.py first seen with mtime 1700740613.1008437
File C:\VGBPython\graphql-flask\flask2\Lib\site-packages\django\template\backends\base.py first seen with mtime 1700740613.1200726
File C:\Program Files\WindowsApps\PythonSoftwareFoundation.Python.3.11_3.11.2032.0_x64__qbz5n2kfra8p0\Lib\string.py first seen with mtime 1688739903.5610898
File C:\VGBPython\graphql-flask\flask2\Lib\site-packages\django\utils\translation\reloader.py first seen with mtime 1700740613.297898
File C:\VGBPython\graphql-flask\flask2\Lib\site-packages\sqlparse\filters\right_margin.py first seen with mtime 1700740601.2638843
File C:\VGBPython\graphql-flask\flask2\Lib\site-packages\asgiref\local.py first seen with mtime 1700739672.1415038
File C:\VGBPython\graphql-flask\flask2\djangoServer2\djangoServer\djangoServer\__init__.py first seen with mtime 1700933265.101393
File C:\VGBPython\graphql-flask\flask2\Lib\site-packages\django\utils\module_loading.py first seen with mtime 1700740613.271427
File C:\VGBPython\graphql-flask\flask2\djangoServer2\djangoServer\djangoServer\settings.py first seen with mtime 1702040142.8903065
File C:\VGBPython\graphql-flask\flask2\Lib\site-packages\django\db\migrations\state.py first seen with mtime 1700740612.5996222
File C:\VGBPython\graphql-flask\flask2\djangoServer2\djangoServer\config\__init__.py first seen with mtime 1700494045.89046
File C:\VGBPython\graphql-flask\flask2\Lib\site-packages\sqlparse\cli.py first seen with mtime 1700740601.2411268
File C:\Program Files\WindowsApps\PythonSoftwareFoundation.Python.3.11_3.11.2032.0_x64__qbz5n2kfra8p0\Lib\pprint.py first seen with mtime 1688739900.6067939
File C:\Program Files\WindowsApps\PythonSoftwareFoundation.Python.3.11_3.11.2032.0_x64__qbz5n2kfra8p0\Lib\token.py first seen with mtime 1688739903.6560292
File C:\VGBPython\graphql-flask\flask2\Lib\site-packages\django\apps\config.py first seen with mtime 1700740603.7540739
File C:\VGBPython\graphql-flask\flask2\Lib\site-packages\django\views\debug.py first seen with mtime 1700740613.3122487
File C:\VGBPython\graphql-flask\flask2\Lib\site-packages\django\utils\timezone.py first seen with mtime 1700740613.2861016
File C:\Program Files\WindowsApps\PythonSoftwareFoundation.Python.3.11_3.11.2032.0_x64__qbz5n2kfra8p0\Lib\functools.py first seen with mtime 1688739899.4056213
File C:\VGBPython\graphql-flask\flask2\Lib\site-packages\django\utils\duration.py first seen with mtime 1700740613.2424908
File C:\VGBPython\graphql-flask\flask2\Lib\site-packages\django\db\models\sql\subqueries.py first seen with mtime 1700740612.702358
File C:\Program Files\WindowsApps\PythonSoftwareFoundation.Python.3.11_3.11.2032.0_x64__qbz5n2kfra8p0\Lib\email\parser.py first seen with mtime 1695137042.176587
File C:\VGBPython\graphql-flask\flask2\Lib\site-packages\django\http\request.py first seen with mtime 1700740613.039788
File C:\VGBPython\graphql-flask\flask2\Lib\site-packages\django\dispatch\dispatcher.py first seen with mtime 1700740612.7086709
File C:\VGBPython\graphql-flask\flask2\Lib\site-packages\django\db\migrations\migration.py first seen with mtime 1700740612.5890622
File C:\Program Files\WindowsApps\PythonSoftwareFoundation.Python.3.11_3.11.2032.0_x64__qbz5n2kfra8p0\Lib\ctypes\wintypes.py first seen with mtime 1688739898.417138
File C:\Program Files\WindowsApps\PythonSoftwareFoundation.Python.3.11_3.11.2032.0_x64__qbz5n2kfra8p0\Lib\asyncio\futures.py first seen with mtime 1688739898.16506
File C:\VGBPython\graphql-flask\flask2\Lib\site-packages\django\core\checks\model_checks.py first seen with mtime 1700740612.2635102
File C:\Program Files\WindowsApps\PythonSoftwareFoundation.Python.3.11_3.11.2032.0_x64__qbz5n2kfra8p0\Lib\asyncio\log.py first seen with mtime 1688739898.1690547
File C:\VGBPython\graphql-flask\flask2\Lib\site-packages\psycopg2\_psycopg.cp311-win_amd64.pyd first seen with mtime 1700496361.0126722
File C:\VGBPython\graphql-flask\flask2\Lib\site-packages\django\db\backends\base\features.py first seen with mtime 1700740612.4730084
File C:\VGBPython\graphql-flask\flask2\Lib\site-packages\django\utils\translation\__init__.py first seen with mtime 1700740613.2958682
File C:\Program Files\WindowsApps\PythonSoftwareFoundation.Python.3.11_3.11.2032.0_x64__qbz5n2kfra8p0\Lib\email\mime\__init__.py first seen with mtime 1701762196.9370737
File C:\Program Files\WindowsApps\PythonSoftwareFoundation.Python.3.11_3.11.2032.0_x64__qbz5n2kfra8p0\Lib\http\cookies.py first seen with mtime 1688739899.4657993
File C:\VGBPython\graphql-flask\flask2\Lib\site-packages\django\core\mail\__init__.py first seen with mtime 1700740612.3421984
File C:\VGBPython\graphql-flask\flask2\Lib\site-packages\django\db\transaction.py first seen with mtime 1700740612.4511235
File C:\VGBPython\graphql-flask\flask2\Lib\site-packages\django\utils\crypto.py first seen with mtime 1700740613.222681
File C:\Program Files\WindowsApps\PythonSoftwareFoundation.Python.3.11_3.11.2032.0_x64__qbz5n2kfra8p0\Lib\types.py first seen with mtime 1688739903.7420783
File C:\VGBPython\graphql-flask\flask2\Lib\site-packages\django\db\backends\postgresql\creation.py first seen with mtime 1700740612.5466578
File C:\Program Files\WindowsApps\PythonSoftwareFoundation.Python.3.11_3.11.2032.0_x64__qbz5n2kfra8p0\Lib\dataclasses.py first seen with mtime 1688739898.4403396
File C:\VGBPython\graphql-flask\flask2\Lib\site-packages\django\views\decorators\csrf.py first seen with mtime 1700740613.32858
File C:\VGBPython\graphql-flask\flask2\Lib\site-packages\django\core\paginator.py first seen with mtime 1700740612.179771
File C:\VGBPython\graphql-flask\flask2\Lib\site-packages\django\utils\topological_sort.py first seen with mtime 1700740613.2881367
File C:\Program Files\WindowsApps\PythonSoftwareFoundation.Python.3.11_3.11.2032.0_x64__qbz5n2kfra8p0\Lib\calendar.py first seen with mtime 1697702687.6578283
File C:\Program Files\WindowsApps\PythonSoftwareFoundation.Python.3.11_3.11.2032.0_x64__qbz5n2kfra8p0\Lib\quopri.py first seen with mtime 1688739900.6743526
File C:\VGBPython\graphql-flask\flask2\Lib\site-packages\django\forms\widgets.py first seen with mtime 1700740612.7337706
File C:\VGBPython\graphql-flask\flask2\Lib\site-packages\sqlparse\__init__.py first seen with mtime 1700740601.2347581
File C:\VGBPython\graphql-flask\flask2\Lib\site-packages\django\db\backends\postgresql\base.py first seen with mtime 1700740612.5421097
File C:\VGBPython\graphql-flask\flask2\Lib\site-packages\django\contrib\contenttypes\apps.py first seen with mtime 1700740607.334408
File C:\VGBPython\graphql-flask\flask2\Lib\site-packages\django\contrib\sessions\apps.py first seen with mtime 1700740610.9675348
File C:\VGBPython\graphql-flask\flask2\Lib\site-packages\django\db\backends\base\introspection.py first seen with mtime 1700740612.4740188
File C:\Program Files\WindowsApps\PythonSoftwareFoundation.Python.3.11_3.11.2032.0_x64__qbz5n2kfra8p0\Lib\ipaddress.py first seen with mtime 1701762251.0240774
File C:\Program Files\WindowsApps\PythonSoftwareFoundation.Python.3.11_3.11.2032.0_x64__qbz5n2kfra8p0\Lib\concurrent\futures\_base.py first seen with mtime 1688739898.383893
File C:\VGBPython\graphql-flask\flask2\Lib\site-packages\django\core\validators.py first seen with mtime 1700740612.1872656
File C:\VGBPython\graphql-flask\flask2\Lib\site-packages\sqlparse\filters\__init__.py first seen with mtime 1700740601.2664092
File C:\VGBPython\graphql-flask\flask2\Lib\site-packages\django\core\handlers\asgi.py first seen with mtime 1700740612.3338327
File C:\VGBPython\graphql-flask\flask2\Lib\site-packages\django\contrib\auth\checks.py first seen with mtime 1700740606.6727784
File C:\VGBPython\graphql-flask\flask2\Lib\site-packages\django\contrib\staticfiles\utils.py first seen with mtime 1700740612.1541624
File C:\Program Files\WindowsApps\PythonSoftwareFoundation.Python.3.11_3.11.2032.0_x64__qbz5n2kfra8p0\DLLs\select.pyd first seen with mtime 1701762220.1202805
File C:\VGBPython\graphql-flask\flask2\Lib\site-packages\django\contrib\staticfiles\management\commands\runserver.py first seen with mtime 1700740612.1647289
File C:\VGBPython\graphql-flask\flask2\Lib\site-packages\django\core\management\color.py first seen with mtime 1700740612.3668294
File C:\VGBPython\graphql-flask\flask2\Lib\site-packages\django\template\backends\django.py first seen with mtime 1700740613.1226242
File C:\Program Files\WindowsApps\PythonSoftwareFoundation.Python.3.11_3.11.2032.0_x64__qbz5n2kfra8p0\Lib\queue.py first seen with mtime 1688739900.672331
File C:\VGBPython\graphql-flask\flask2\Lib\site-packages\django\core\management\base.py first seen with mtime 1700740612.364281
File C:\VGBPython\graphql-flask\flask2\Lib\site-packages\sqlparse\filters\reindent.py first seen with mtime 1700740601.271431
File C:\VGBPython\graphql-flask\flask2\Lib\site-packages\django\utils\http.py first seen with mtime 1700740613.2578094
File C:\Program Files\WindowsApps\PythonSoftwareFoundation.Python.3.11_3.11.2032.0_x64__qbz5n2kfra8p0\DLLs\_hashlib.pyd first seen with mtime 1701762220.23281
File C:\VGBPython\graphql-flask\flask2\Lib\site-packages\django\utils\cache.py first seen with mtime 1700740613.2186723
File C:\Program Files\WindowsApps\PythonSoftwareFoundation.Python.3.11_3.11.2032.0_x64__qbz5n2kfra8p0\Lib\zoneinfo\_common.py first seen with mtime 1688739904.025496
File C:\Program Files\WindowsApps\PythonSoftwareFoundation.Python.3.11_3.11.2032.0_x64__qbz5n2kfra8p0\DLLs\_zoneinfo.pyd first seen with mtime 1701762220.2871985
File C:\VGBPython\graphql-flask\flask2\Lib\site-packages\django\core\checks\messages.py first seen with mtime 1700740612.260422
File C:\VGBPython\graphql-flask\flask2\Lib\site-packages\django\db\models\sql\__init__.py first seen with mtime 1700740612.6898189
File C:\VGBPython\graphql-flask\flask2\Lib\site-packages\django\db\migrations\exceptions.py first seen with mtime 1700740612.580834
File C:\VGBPython\graphql-flask\flask2\Lib\site-packages\django\template\loaders\base.py first seen with mtime 1700740613.1371446
File C:\Program Files\WindowsApps\PythonSoftwareFoundation.Python.3.11_3.11.2032.0_x64__qbz5n2kfra8p0\Lib\asyncio\constants.py first seen with mtime 1688739898.159046
File C:\VGBPython\graphql-flask\flask2\Lib\site-packages\django\core\cache\backends\__init__.py first seen with mtime 1700740612.1957932
File C:\VGBPython\graphql-flask\flask2\Lib\site-packages\django\db\models\functions\math.py first seen with mtime 1700740612.680798
File C:\Program Files\WindowsApps\PythonSoftwareFoundation.Python.3.11_3.11.2032.0_x64__qbz5n2kfra8p0\Lib\json\encoder.py first seen with mtime 1688739900.198464
File C:\Program Files\WindowsApps\PythonSoftwareFoundation.Python.3.11_3.11.2032.0_x64__qbz5n2kfra8p0\Lib\json\scanner.py first seen with mtime 1688739900.1994636
File C:\Program Files\WindowsApps\PythonSoftwareFoundation.Python.3.11_3.11.2032.0_x64__qbz5n2kfra8p0\Lib\base64.py first seen with mtime 1688739898.3452268
File C:\VGBPython\graphql-flask\flask2\djangoServer2\djangoServer\dbapp\apps.py first seen with mtime 1702038081.6859083
File C:\VGBPython\graphql-flask\flask2\Lib\site-packages\django\apps\registry.py first seen with mtime 1700740603.7576394
File C:\Program Files\WindowsApps\PythonSoftwareFoundation.Python.3.11_3.11.2032.0_x64__qbz5n2kfra8p0\Lib\opcode.py first seen with mtime 1688739900.5847926
File C:\VGBPython\graphql-flask\flask2\Lib\site-packages\django\template\autoreload.py first seen with mtime 1700740613.0740469
File C:\VGBPython\graphql-flask\flask2\Lib\site-packages\django\utils\_os.py first seen with mtime 1700740613.206477
File C:\Program Files\WindowsApps\PythonSoftwareFoundation.Python.3.11_3.11.2032.0_x64__qbz5n2kfra8p0\Lib\wsgiref\util.py first seen with mtime 1688739903.9031947
File C:\VGBPython\graphql-flask\flask2\Lib\site-packages\django\core\cache\__init__.py first seen with mtime 1700740612.192275
File C:\VGBPython\graphql-flask\flask2\Lib\site-packages\django\core\checks\async_checks.py first seen with mtime 1700740612.2488868
File C:\VGBPython\graphql-flask\flask2\Lib\site-packages\django\core\management\commands\__init__.py first seen with mtime 1700740612.3745155
File C:\Program Files\WindowsApps\PythonSoftwareFoundation.Python.3.11_3.11.2032.0_x64__qbz5n2kfra8p0\Lib\asyncio\trsock.py first seen with mtime 1688739898.1970627
File C:\VGBPython\graphql-flask\flask2\Lib\site-packages\django\db\models\utils.py first seen with mtime 1700740612.64985
File C:\VGBPython\graphql-flask\flask2\Lib\site-packages\django\views\generic\base.py first seen with mtime 1700740613.343087
File C:\Program Files\WindowsApps\PythonSoftwareFoundation.Python.3.11_3.11.2032.0_x64__qbz5n2kfra8p0\Lib\numbers.py first seen with mtime 1688739900.5838144
File C:\VGBPython\graphql-flask\flask2\Lib\site-packages\django\contrib\staticfiles\apps.py first seen with mtime 1700740612.1388621
File C:\VGBPython\graphql-flask\flask2\Lib\site-packages\django\core\files\temp.py first seen with mtime 1700740612.3215902
File C:\Program Files\WindowsApps\PythonSoftwareFoundation.Python.3.11_3.11.2032.0_x64__qbz5n2kfra8p0\Lib\fnmatch.py first seen with mtime 1688739899.4026127
File C:\VGBPython\graphql-flask\flask2\Lib\site-packages\django\contrib\messages\__init__.py first seen with mtime 1700740609.9342377
File C:\VGBPython\graphql-flask\flask2\Lib\site-packages\django\db\models\constraints.py first seen with mtime 1700740612.6287403
File C:\VGBPython\graphql-flask\flask2\Lib\site-packages\django\db\models\functions\datetime.py first seen with mtime 1700740612.6788
File C:\VGBPython\graphql-flask\flask2\Lib\site-packages\django\contrib\admin\views\autocomplete.py first seen with mtime 1700740606.1142745
File C:\Program Files\WindowsApps\PythonSoftwareFoundation.Python.3.11_3.11.2032.0_x64__qbz5n2kfra8p0\Lib\reprlib.py first seen with mtime 1688739900.6763303
File C:\Program Files\WindowsApps\PythonSoftwareFoundation.Python.3.11_3.11.2032.0_x64__qbz5n2kfra8p0\Lib\collections\abc.py first seen with mtime 1688739898.3647878
File C:\VGBPython\graphql-flask\flask2\Lib\site-packages\django\core\files\images.py first seen with mtime 1700740612.3084807
File C:\VGBPython\graphql-flask\flask2\Lib\site-packages\django\utils\translation\trans_real.py first seen with mtime 1700740613.3038812
File C:\VGBPython\graphql-flask\flask2\Lib\site-packages\django\db\models\sql\where.py first seen with mtime 1700740612.705366
File C:\VGBPython\graphql-flask\flask2\Lib\site-packages\django\core\serializers\python.py first seen with mtime 1700740612.4388397
File C:\VGBPython\graphql-flask\flask2\Lib\site-packages\django\db\migrations\utils.py first seen with mtime 1700740612.6016178
File C:\VGBPython\graphql-flask\flask2\Lib\site-packages\django\forms\boundfield.py first seen with mtime 1700740612.7168853
File C:\VGBPython\graphql-flask\flask2\Lib\site-packages\django\forms\__init__.py first seen with mtime 1700740612.7136688
File C:\VGBPython\graphql-flask\flask2\Lib\site-packages\django\contrib\auth\__init__.py first seen with mtime 1700740606.6625848
File C:\VGBPython\graphql-flask\flask2\Lib\site-packages\colorama\ansitowin32.py first seen with mtime 1700492389.8463895
File C:\Program Files\WindowsApps\PythonSoftwareFoundation.Python.3.11_3.11.2032.0_x64__qbz5n2kfra8p0\Lib\pkgutil.py first seen with mtime 1688739900.5998356
File C:\VGBPython\graphql-flask\flask2\Lib\site-packages\django\db\models\fields\related_descriptors.py first seen with mtime 1700740612.6670256
File C:\VGBPython\graphql-flask\flask2\Lib\site-packages\django\utils\dates.py first seen with mtime 1700740613.2329326
File C:\Program Files\WindowsApps\PythonSoftwareFoundation.Python.3.11_3.11.2032.0_x64__qbz5n2kfra8p0\Lib\_markupbase.py first seen with mtime 1688739904.0354593
File C:\VGBPython\graphql-flask\flask2\Lib\site-packages\django\template\loaders\cached.py first seen with mtime 1700740613.1396217
File C:\Program Files\WindowsApps\PythonSoftwareFoundation.Python.3.11_3.11.2032.0_x64__qbz5n2kfra8p0\Lib\linecache.py first seen with mtime 1688739900.391719
File C:\Program Files\WindowsApps\PythonSoftwareFoundation.Python.3.11_3.11.2032.0_x64__qbz5n2kfra8p0\Lib\asyncio\selector_events.py first seen with mtime 1688739898.1790874
File C:\VGBPython\graphql-flask\flask2\Lib\site-packages\django\core\checks\security\csrf.py first seen with mtime 1700740612.2895637
File C:\Program Files\WindowsApps\PythonSoftwareFoundation.Python.3.11_3.11.2032.0_x64__qbz5n2kfra8p0\Lib\struct.py first seen with mtime 1688739903.5632384
File C:\VGBPython\graphql-flask\flask2\Lib\site-packages\django\core\cache\backends\locmem.py first seen with mtime 1700740612.224357
File C:\Program Files\WindowsApps\PythonSoftwareFoundation.Python.3.11_3.11.2032.0_x64__qbz5n2kfra8p0\Lib\shutil.py first seen with mtime 1697702687.8922403
File C:\VGBPython\graphql-flask\flask2\Lib\site-packages\django\contrib\messages\storage\__init__.py first seen with mtime 1700740609.949934
File C:\VGBPython\graphql-flask\flask2\Lib\site-packages\django\core\checks\templates.py first seen with mtime 1700740612.2700536
File C:\Program Files\WindowsApps\PythonSoftwareFoundation.Python.3.11_3.11.2032.0_x64__qbz5n2kfra8p0\Lib\gettext.py first seen with mtime 1701762250.6990483
File C:\Program Files\WindowsApps\PythonSoftwareFoundation.Python.3.11_3.11.2032.0_x64__qbz5n2kfra8p0\Lib\glob.py first seen with mtime 1688739899.410614
File C:\VGBPython\graphql-flask\flask2\Lib\site-packages\django\template\exceptions.py first seen with mtime 1700740613.0942676
File C:\Program Files\WindowsApps\PythonSoftwareFoundation.Python.3.11_3.11.2032.0_x64__qbz5n2kfra8p0\Lib\asyncio\streams.py first seen with mtime 1701762250.6518736
File C:\VGBPython\graphql-flask\flask2\Lib\site-packages\django\contrib\auth\admin.py first seen with mtime 1700740606.664697
File C:\VGBPython\graphql-flask\flask2\Lib\site-packages\django\contrib\admin\templatetags\base.py first seen with mtime 1700740606.1092825
File C:\Program Files\WindowsApps\PythonSoftwareFoundation.Python.3.11_3.11.2032.0_x64__qbz5n2kfra8p0\Lib\asyncio\subprocess.py first seen with mtime 1697702631.0285933
File C:\Program Files\WindowsApps\PythonSoftwareFoundation.Python.3.11_3.11.2032.0_x64__qbz5n2kfra8p0\Lib\re\_parser.py first seen with mtime 1701762278.7863185
File C:\VGBPython\graphql-flask\flask2\Lib\site-packages\psycopg2\_ipaddress.py first seen with mtime 1700496360.980884
File C:\Program Files\WindowsApps\PythonSoftwareFoundation.Python.3.11_3.11.2032.0_x64__qbz5n2kfra8p0\Lib\logging\config.py first seen with mtime 1701762251.0275543
File C:\VGBPython\graphql-flask\flask2\Lib\site-packages\colorama\win32.py first seen with mtime 1700492389.8510413
File C:\VGBPython\graphql-flask\flask2\Lib\site-packages\django\db\migrations\operations\fields.py first seen with mtime 1700740612.612983
File C:\VGBPython\graphql-flask\flask2\Lib\site-packages\django\utils\html.py first seen with mtime 1700740613.2557342
File C:\VGBPython\graphql-flask\flask2\Lib\site-packages\django\views\generic\list.py first seen with mtime 1700740613.3548524
File C:\VGBPython\graphql-flask\flask2\Lib\site-packages\django\urls\converters.py first seen with mtime 1700740613.1946964
File C:\VGBPython\graphql-flask\flask2\Lib\site-packages\django\core\signing.py first seen with mtime 1700740612.1847198
File C:\Program Files\WindowsApps\PythonSoftwareFoundation.Python.3.11_3.11.2032.0_x64__qbz5n2kfra8p0\DLLs\_decimal.pyd first seen with mtime 1701762220.1862633
File C:\VGBPython\graphql-flask\flask2\Lib\site-packages\django\core\management\__init__.py first seen with mtime 1700740612.3622673
File C:\Program Files\WindowsApps\PythonSoftwareFoundation.Python.3.11_3.11.2032.0_x64__qbz5n2kfra8p0\Lib\email\utils.py first seen with mtime 1688739898.6917558
File C:\VGBPython\graphql-flask\flask2\Lib\site-packages\django\template\loader_tags.py first seen with mtime 1700740613.1028416
File C:\VGBPython\graphql-flask\flask2\Lib\site-packages\django\templatetags\tz.py first seen with mtime 1700740613.1596541
File C:\VGBPython\graphql-flask\flask2\Lib\site-packages\django\utils\itercompat.py first seen with mtime 1700740613.2638693
File C:\VGBPython\graphql-flask\flask2\Lib\site-packages\django\contrib\auth\signals.py first seen with mtime 1700740606.694116
File C:\Program Files\WindowsApps\PythonSoftwareFoundation.Python.3.11_3.11.2032.0_x64__qbz5n2kfra8p0\Lib\encodings\utf_8.py first seen with mtime 1688739898.9006627
File C:\VGBPython\graphql-flask\flask2\Lib\site-packages\django\urls\base.py first seen with mtime 1700740613.1891744
File C:\VGBPython\graphql-flask\flask2\Lib\site-packages\django\utils\dateformat.py first seen with mtime 1700740613.2256787
File C:\VGBPython\graphql-flask\flask2\Lib\site-packages\django\contrib\auth\hashers.py first seen with mtime 1700740606.684069
File C:\VGBPython\graphql-flask\flask2\Lib\site-packages\django\__init__.py first seen with mtime 1701151409.1120255
File C:\Program Files\WindowsApps\PythonSoftwareFoundation.Python.3.11_3.11.2032.0_x64__qbz5n2kfra8p0\Lib\email\_encoded_words.py first seen with mtime 1688739898.692755
File C:\VGBPython\graphql-flask\flask2\Lib\site-packages\django\db\backends\base\creation.py first seen with mtime 1700740612.470009
File C:\VGBPython\graphql-flask\flask2\Lib\site-packages\django\utils\ipv6.py first seen with mtime 1700740613.2618701
File C:\VGBPython\graphql-flask\flask2\Lib\site-packages\django\contrib\admin\views\__init__.py first seen with mtime 1700740606.1122756
File C:\Program Files\WindowsApps\PythonSoftwareFoundation.Python.3.11_3.11.2032.0_x64__qbz5n2kfra8p0\Lib\signal.py first seen with mtime 1688739900.7208004
File C:\VGBPython\graphql-flask\flask2\Lib\site-packages\django\db\migrations\operations\base.py first seen with mtime 1700740612.6109858
File C:\VGBPython\graphql-flask\flask2\Lib\site-packages\django\core\checks\translation.py first seen with mtime 1700740612.2730558
File C:\VGBPython\graphql-flask\flask2\Lib\site-packages\django\db\backends\base\base.py first seen with mtime 1700740612.4644666
File C:\VGBPython\graphql-flask\flask2\Lib\site-packages\django\contrib\admin\actions.py first seen with mtime 1700740604.557269
File C:\Program Files\WindowsApps\PythonSoftwareFoundation.Python.3.11_3.11.2032.0_x64__qbz5n2kfra8p0\Lib\zoneinfo\_tzpath.py first seen with mtime 1688739904.025496
File C:\Program Files\WindowsApps\PythonSoftwareFoundation.Python.3.11_3.11.2032.0_x64__qbz5n2kfra8p0\Lib\asyncio\coroutines.py first seen with mtime 1688739898.1601455
File C:\Program Files\WindowsApps\PythonSoftwareFoundation.Python.3.11_3.11.2032.0_x64__qbz5n2kfra8p0\Lib\asyncio\windows_utils.py first seen with mtime 1688739898.2040668
File C:\VGBPython\graphql-flask\flask2\Lib\site-packages\django\core\checks\registry.py first seen with mtime 1700740612.2660377
File C:\VGBPython\graphql-flask\flask2\Lib\site-packages\django\template\defaulttags.py first seen with mtime 1700740613.0890124
File C:\Program Files\WindowsApps\PythonSoftwareFoundation.Python.3.11_3.11.2032.0_x64__qbz5n2kfra8p0\Lib\urllib\parse.py first seen with mtime 1695137090.7492323
File C:\VGBPython\graphql-flask\flask2\Lib\site-packages\psycopg2\errorcodes.py first seen with mtime 1700496361.0181694
File C:\Program Files\WindowsApps\PythonSoftwareFoundation.Python.3.11_3.11.2032.0_x64__qbz5n2kfra8p0\Lib\socket.py first seen with mtime 1688739903.5510924
File C:\VGBPython\graphql-flask\flask2\Lib\site-packages\_distutils_hack\__init__.py first seen with mtime 1700492214.7597246
File C:\Program Files\WindowsApps\PythonSoftwareFoundation.Python.3.11_3.11.2032.0_x64__qbz5n2kfra8p0\Lib\tokenize.py first seen with mtime 1688739903.6570268
File C:\Program Files\WindowsApps\PythonSoftwareFoundation.Python.3.11_3.11.2032.0_x64__qbz5n2kfra8p0\Lib\asyncio\base_tasks.py first seen with mtime 1688739898.1580262
File C:\Program Files\WindowsApps\PythonSoftwareFoundation.Python.3.11_3.11.2032.0_x64__qbz5n2kfra8p0\DLLs\_bz2.pyd first seen with mtime 1701762220.1804276
File C:\Program Files\WindowsApps\PythonSoftwareFoundation.Python.3.11_3.11.2032.0_x64__qbz5n2kfra8p0\Lib\json\__init__.py first seen with mtime 1688739900.2014818
File C:\VGBPython\graphql-flask\flask2\Lib\site-packages\django\db\migrations\operations\special.py first seen with mtime 1700740612.6175063
File C:\Program Files\WindowsApps\PythonSoftwareFoundation.Python.3.11_3.11.2032.0_x64__qbz5n2kfra8p0\Lib\email\charset.py first seen with mtime 1695137041.8594244
File C:\Program Files\WindowsApps\PythonSoftwareFoundation.Python.3.11_3.11.2032.0_x64__qbz5n2kfra8p0\Lib\http\client.py first seen with mtime 1701762250.7083497
File C:\Program Files\WindowsApps\PythonSoftwareFoundation.Python.3.11_3.11.2032.0_x64__qbz5n2kfra8p0\Lib\ctypes\__init__.py first seen with mtime 1688739898.4181378
File C:\VGBPython\graphql-flask\flask2\Lib\site-packages\django\core\serializers\base.py first seen with mtime 1700740612.4332912
File C:\Program Files\WindowsApps\PythonSoftwareFoundation.Python.3.11_3.11.2032.0_x64__qbz5n2kfra8p0\Lib\weakref.py first seen with mtime 1688739903.9000454
File C:\VGBPython\graphql-flask\flask2\Lib\site-packages\django\apps\__init__.py first seen with mtime 1700740603.7520623
File C:\VGBPython\graphql-flask\flask2\Lib\site-packages\django\forms\formsets.py first seen with mtime 1700740612.7246287
File C:\VGBPython\graphql-flask\flask2\Lib\site-packages\django\views\decorators\cache.py first seen with mtime 1700740613.3224542
File C:\Program Files\WindowsApps\PythonSoftwareFoundation.Python.3.11_3.11.2032.0_x64__qbz5n2kfra8p0\Lib\encodings\aliases.py first seen with mtime 1688739898.801868
File C:\VGBPython\graphql-flask\flask2\Lib\site-packages\django\contrib\admin\filters.py first seen with mtime 1700740604.565916
File C:\Program Files\WindowsApps\PythonSoftwareFoundation.Python.3.11_3.11.2032.0_x64__qbz5n2kfra8p0\Lib\pickle.py first seen with mtime 1688739900.5947988
File C:\Program Files\WindowsApps\PythonSoftwareFoundation.Python.3.11_3.11.2032.0_x64__qbz5n2kfra8p0\Lib\pathlib.py first seen with mtime 1688739900.5917938
File C:\VGBPython\graphql-flask\flask2\Lib\site-packages\django\core\wsgi.py first seen with mtime 1700740612.1902754
File C:\VGBPython\graphql-flask\flask2\Lib\site-packages\django\views\generic\detail.py first seen with mtime 1700740613.3491704
File C:\VGBPython\graphql-flask\flask2\Lib\site-packages\sqlparse\sql.py first seen with mtime 1700740601.2457464
File C:\VGBPython\graphql-flask\flask2\Lib\site-packages\django\core\servers\basehttp.py first seen with mtime 1700740612.446395
File C:\VGBPython\graphql-flask\flask2\Lib\site-packages\django\views\decorators\__init__.py first seen with mtime 1700740613.3198047
File C:\VGBPython\graphql-flask\flask2\Lib\site-packages\django\core\files\uploadhandler.py first seen with mtime 1700740612.326822
File C:\Program Files\WindowsApps\PythonSoftwareFoundation.Python.3.11_3.11.2032.0_x64__qbz5n2kfra8p0\Lib\threading.py first seen with mtime 1697702687.9002423
File C:\VGBPython\graphql-flask\flask2\Lib\site-packages\django\utils\formats.py first seen with mtime 1700740613.2497323
File C:\VGBPython\graphql-flask\flask2\Lib\site-packages\django\core\checks\security\sessions.py first seen with mtime 1700740612.2915645
File C:\Program Files\WindowsApps\PythonSoftwareFoundation.Python.3.11_3.11.2032.0_x64__qbz5n2kfra8p0\Lib\concurrent\futures\thread.py first seen with mtime 1688739898.3829331
File C:\Program Files\WindowsApps\PythonSoftwareFoundation.Python.3.11_3.11.2032.0_x64__qbz5n2kfra8p0\Lib\email\mime\text.py first seen with mtime 1695137041.9880588
File C:\Program Files\WindowsApps\PythonSoftwareFoundation.Python.3.11_3.11.2032.0_x64__qbz5n2kfra8p0\Lib\email\message.py first seen with mtime 1688739898.6767447
File C:\VGBPython\graphql-flask\flask2\Lib\site-packages\django\templatetags\cache.py first seen with mtime 1700740613.1493323
File C:\Program Files\WindowsApps\PythonSoftwareFoundation.Python.3.11_3.11.2032.0_x64__qbz5n2kfra8p0\Lib\urllib\request.py first seen with mtime 1688739903.8267899
File C:\VGBPython\graphql-flask\flask2\Lib\site-packages\sqlparse\engine\__init__.py first seen with mtime 1700740601.250765
File C:\Program Files\WindowsApps\PythonSoftwareFoundation.Python.3.11_3.11.2032.0_x64__qbz5n2kfra8p0\Lib\traceback.py first seen with mtime 1701762278.8214066
File C:\VGBPython\graphql-flask\flask2\Lib\site-packages\django\views\csrf.py first seen with mtime 1700740613.3102458
File C:\Program Files\WindowsApps\PythonSoftwareFoundation.Python.3.11_3.11.2032.0_x64__qbz5n2kfra8p0\DLLs\_socket.pyd first seen with mtime 1701762220.2612593
File C:\VGBPython\graphql-flask\flask2\Lib\site-packages\django\db\models\fields\related_lookups.py first seen with mtime 1700740612.6692657
File C:\VGBPython\graphql-flask\flask2\Lib\site-packages\django\db\backends\base\validation.py first seen with mtime 1700740612.482463
File C:\VGBPython\graphql-flask\flask2\Lib\site-packages\django\db\utils.py first seen with mtime 1700740612.4531226
File C:\VGBPython\graphql-flask\flask2\Lib\site-packages\django\conf\locale\__init__.py first seen with mtime 1700740603.7858927
File C:\VGBPython\graphql-flask\flask2\Lib\site-packages\django\contrib\auth\forms.py first seen with mtime 1700740606.6820722
File C:\VGBPython\graphql-flask\flask2\Lib\site-packages\django\utils\dateparse.py first seen with mtime 1700740613.2299209
File C:\VGBPython\graphql-flask\flask2\Lib\site-packages\django\contrib\admin\templatetags\__init__.py first seen with mtime 1700740606.0998795
File C:\VGBPython\graphql-flask\flask2\Lib\site-packages\django\templatetags\static.py first seen with mtime 1700740613.157645
File C:\VGBPython\graphql-flask\flask2\Lib\site-packages\django\views\generic\dates.py first seen with mtime 1700740613.3466418
File C:\Program Files\WindowsApps\PythonSoftwareFoundation.Python.3.11_3.11.2032.0_x64__qbz5n2kfra8p0\Lib\locale.py first seen with mtime 1701762251.025276
File C:\Program Files\WindowsApps\PythonSoftwareFoundation.Python.3.11_3.11.2032.0_x64__qbz5n2kfra8p0\Lib\email\generator.py first seen with mtime 1695137041.905382
File C:\Program Files\WindowsApps\PythonSoftwareFoundation.Python.3.11_3.11.2032.0_x64__qbz5n2kfra8p0\Lib\getpass.py first seen with mtime 1688739899.4086182
File C:\Program Files\WindowsApps\PythonSoftwareFoundation.Python.3.11_3.11.2032.0_x64__qbz5n2kfra8p0\DLLs\_queue.pyd first seen with mtime 1701762220.2585363
File C:\VGBPython\graphql-flask\flask2\Lib\site-packages\django\contrib\messages\api.py first seen with mtime 1700740609.9367907
File C:\Program Files\WindowsApps\PythonSoftwareFoundation.Python.3.11_3.11.2032.0_x64__qbz5n2kfra8p0\Lib\contextlib.py first seen with mtime 1701762250.6896186
File C:\Program Files\WindowsApps\PythonSoftwareFoundation.Python.3.11_3.11.2032.0_x64__qbz5n2kfra8p0\Lib\ssl.py first seen with mtime 1701762278.7990723
File C:\Program Files\WindowsApps\PythonSoftwareFoundation.Python.3.11_3.11.2032.0_x64__qbz5n2kfra8p0\Lib\importlib\_abc.py first seen with mtime 1688739900.1639147
File C:\VGBPython\graphql-flask\flask2\Lib\site-packages\django\contrib\admin\templatetags\admin_urls.py first seen with mtime 1700740606.1072676
File C:\VGBPython\graphql-flask\flask2\Lib\site-packages\django\core\management\commands\runserver.py first seen with mtime 1700740612.405755
File C:\VGBPython\graphql-flask\flask2\Lib\site-packages\django\core\files\storage.py first seen with mtime 1700740612.3185792
File C:\VGBPython\graphql-flask\flask2\Lib\site-packages\psycopg2\_range.py first seen with mtime 1700496361.0146787
File C:\VGBPython\graphql-flask\flask2\Lib\site-packages\django\contrib\auth\middleware.py first seen with mtime 1700740606.6856544
File C:\VGBPython\graphql-flask\flask2\Lib\site-packages\django\conf\__init__.py first seen with mtime 1700740603.7613165
File C:\VGBPython\graphql-flask\flask2\Lib\site-packages\django\utils\text.py first seen with mtime 1700740613.2816002
File C:\VGBPython\graphql-flask\flask2\Lib\site-packages\django\core\serializers\json.py first seen with mtime 1700740612.4353013
File C:\VGBPython\graphql-flask\flask2\Lib\site-packages\django\core\__init__.py first seen with mtime 1700740612.1742458
File C:\VGBPython\graphql-flask\flask2\Lib\site-packages\django\urls\__init__.py first seen with mtime 1700740613.1861606
File C:\VGBPython\graphql-flask\flask2\Lib\site-packages\django\forms\models.py first seen with mtime 1700740612.7261496
File C:\VGBPython\graphql-flask\flask2\Lib\site-packages\django\contrib\auth\models.py first seen with mtime 1700740606.6895916
File C:\VGBPython\graphql-flask\flask2\Lib\site-packages\django\db\models\query.py first seen with mtime 1700740612.6442926
File C:\Program Files\WindowsApps\PythonSoftwareFoundation.Python.3.11_3.11.2032.0_x64__qbz5n2kfra8p0\Lib\keyword.py first seen with mtime 1688739900.2164617
File C:\VGBPython\graphql-flask\flask2\Lib\site-packages\django\contrib\admin\helpers.py first seen with mtime 1700740604.570804
File C:\Program Files\WindowsApps\PythonSoftwareFoundation.Python.3.11_3.11.2032.0_x64__qbz5n2kfra8p0\Lib\typing.py first seen with mtime 1701762278.838975
File C:\VGBPython\graphql-flask\flask2\Lib\site-packages\django\template\context.py first seen with mtime 1700740613.0800793
File C:\VGBPython\graphql-flask\flask2\Lib\site-packages\django\contrib\sites\shortcuts.py first seen with mtime 1700740611.5783997
File C:\Program Files\WindowsApps\PythonSoftwareFoundation.Python.3.11_3.11.2032.0_x64__qbz5n2kfra8p0\Lib\email\contentmanager.py first seen with mtime 1688739898.671734
File C:\Program Files\WindowsApps\PythonSoftwareFoundation.Python.3.11_3.11.2032.0_x64__qbz5n2kfra8p0\Lib\re\_constants.py first seen with mtime 1688739900.678339
File C:\VGBPython\graphql-flask\flask2\Lib\site-packages\django\core\files\move.py first seen with mtime 1700740612.315506
File C:\VGBPython\graphql-flask\flask2\Lib\site-packages\asgiref\__init__.py first seen with mtime 1700739672.1359777
File C:\VGBPython\graphql-flask\flask2\Lib\site-packages\django\utils\regex_helper.py first seen with mtime 1700740613.2755556
File C:\Program Files\WindowsApps\PythonSoftwareFoundation.Python.3.11_3.11.2032.0_x64__qbz5n2kfra8p0\Lib\logging\handlers.py first seen with mtime 1701762251.0290692
File C:\VGBPython\graphql-flask\flask2\Lib\site-packages\django\core\checks\compatibility\django_4_0.py first seen with mtime 1700740612.2809997
File C:\Program Files\WindowsApps\PythonSoftwareFoundation.Python.3.11_3.11.2032.0_x64__qbz5n2kfra8p0\Lib\decimal.py first seen with mtime 1688739898.4610777
File C:\Program Files\WindowsApps\PythonSoftwareFoundation.Python.3.11_3.11.2032.0_x64__qbz5n2kfra8p0\Lib\datetime.py first seen with mtime 1697702687.6934762
File C:\VGBPython\graphql-flask\flask2\Lib\site-packages\django\db\backends\postgresql\client.py first seen with mtime 1700740612.5441296
File C:\Program Files\WindowsApps\PythonSoftwareFoundation.Python.3.11_3.11.2032.0_x64__qbz5n2kfra8p0\Lib\zoneinfo\__init__.py first seen with mtime 1688739904.0270786
File C:\VGBPython\graphql-flask\flask2\Lib\site-packages\django\utils\inspect.py first seen with mtime 1700740613.2598612
File C:\Program Files\WindowsApps\PythonSoftwareFoundation.Python.3.11_3.11.2032.0_x64__qbz5n2kfra8p0\Lib\http\__init__.py first seen with mtime 1688739899.4697578
File C:\VGBPython\graphql-flask\flask2\Lib\site-packages\django\contrib\auth\backends.py first seen with mtime 1700740606.6687763
File C:\VGBPython\graphql-flask\flask2\Lib\site-packages\django\db\models\base.py first seen with mtime 1700740612.6242042
File C:\VGBPython\graphql-flask\flask2\Lib\site-packages\django\core\files\__init__.py first seen with mtime 1700740612.303193
File C:\Program Files\WindowsApps\PythonSoftwareFoundation.Python.3.11_3.11.2032.0_x64__qbz5n2kfra8p0\Lib\socketserver.py first seen with mtime 1688739903.5520842
File C:\Program Files\WindowsApps\PythonSoftwareFoundation.Python.3.11_3.11.2032.0_x64__qbz5n2kfra8p0\Lib\concurrent\__init__.py first seen with mtime 1688739898.399891
File C:\VGBPython\graphql-flask\flask2\Lib\site-packages\django\http\response.py first seen with mtime 1700740613.0427852
File C:\Program Files\WindowsApps\PythonSoftwareFoundation.Python.3.11_3.11.2032.0_x64__qbz5n2kfra8p0\Lib\re\_casefix.py first seen with mtime 1688739900.6763303
File C:\VGBPython\graphql-flask\flask2\Lib\site-packages\django\core\checks\security\__init__.py first seen with mtime 1700740612.2830157
File C:\VGBPython\graphql-flask\flask2\Lib\site-packages\django\contrib\sessions\__init__.py first seen with mtime 1700740610.963844
File C:\Program Files\WindowsApps\PythonSoftwareFoundation.Python.3.11_3.11.2032.0_x64__qbz5n2kfra8p0\Lib\selectors.py first seen with mtime 1697702687.8902373
File C:\VGBPython\graphql-flask\flask2\Lib\site-packages\django\utils\__init__.py first seen with mtime 1700740613.203944
File C:\VGBPython\graphql-flask\flask2\Lib\site-packages\django\core\mail\message.py first seen with mtime 1700740612.3431993
File C:\VGBPython\graphql-flask\flask2\Lib\site-packages\django\core\checks\files.py first seen with mtime 1700740612.2584212
File C:\VGBPython\graphql-flask\flask2\Lib\site-packages\django\db\models\indexes.py first seen with mtime 1700740612.6362624
File C:\Program Files\WindowsApps\PythonSoftwareFoundation.Python.3.11_3.11.2032.0_x64__qbz5n2kfra8p0\Lib\email\header.py first seen with mtime 1695137041.9250803
File C:\VGBPython\graphql-flask\flask2\Lib\site-packages\django\core\checks\__init__.py first seen with mtime 1700740612.2468739
File C:\VGBPython\graphql-flask\flask2\Lib\site-packages\django\utils\safestring.py first seen with mtime 1700740613.277567
File C:\Program Files\WindowsApps\PythonSoftwareFoundation.Python.3.11_3.11.2032.0_x64__qbz5n2kfra8p0\Lib\email\policy.py first seen with mtime 1688739898.6917558
File C:\VGBPython\graphql-flask\flask2\Lib\site-packages\django\db\models\manager.py first seen with mtime 1700740612.6402993
File C:\VGBPython\graphql-flask\flask2\Lib\site-packages\django\core\signals.py first seen with mtime 1700740612.181771
File C:\VGBPython\graphql-flask\flask2\Lib\site-packages\sqlparse\keywords.py first seen with mtime 1700740601.229759
File C:\VGBPython\graphql-flask\flask2\Lib\site-packages\django\core\servers\__init__.py first seen with mtime 1700740612.4438403
File C:\VGBPython\graphql-flask\flask2\Lib\site-packages\django\template\backends\__init__.py first seen with mtime 1700740613.1160183
File C:\VGBPython\graphql-flask\flask2\Lib\site-packages\django\contrib\contenttypes\admin.py first seen with mtime 1700740607.3321054
File C:\VGBPython\graphql-flask\flask2\Lib\site-packages\django\db\models\fields\files.py first seen with mtime 1700740612.6555185
File C:\VGBPython\graphql-flask\flask2\Lib\site-packages\django\db\models\constants.py first seen with mtime 1700740612.6267278
File C:\VGBPython\graphql-flask\flask2\Lib\site-packages\colorama\__init__.py first seen with mtime 1700492389.841153
File C:\VGBPython\graphql-flask\flask2\Lib\site-packages\django\db\models\fields\__init__.py first seen with mtime 1700740612.6529999
File C:\VGBPython\graphql-flask\flask2\Lib\site-packages\django\template\loaders\app_directories.py first seen with mtime 1700740613.1336968
File C:\VGBPython\graphql-flask\flask2\Lib\site-packages\django\db\models\fields\mixins.py first seen with mtime 1700740612.6595602
File C:\VGBPython\graphql-flask\flask2\Lib\site-packages\django\core\checks\compatibility\__init__.py first seen with mtime 1700740612.277984
File C:\VGBPython\graphql-flask\flask2\Lib\site-packages\django\utils\connection.py first seen with mtime 1700740613.2206821
File C:\VGBPython\graphql-flask\flask2\Lib\site-packages\django\db\models\expressions.py first seen with mtime 1700740612.63474
File C:\VGBPython\graphql-flask\flask2\Lib\site-packages\django\db\backends\postgresql\schema.py first seen with mtime 1700740612.554671
File C:\Program Files\WindowsApps\PythonSoftwareFoundation.Python.3.11_3.11.2032.0_x64__qbz5n2kfra8p0\Lib\logging\__init__.py first seen with mtime 1688739900.4007175
File C:\VGBPython\graphql-flask\flask2\Lib\site-packages\django\contrib\sites\requests.py first seen with mtime 1700740611.5765307
File C:\VGBPython\graphql-flask\flask2\Lib\site-packages\django\template\engine.py first seen with mtime 1700740613.0922992
File C:\VGBPython\graphql-flask\flask2\Lib\site-packages\django\views\i18n.py first seen with mtime 1700740613.3157768
File C:\VGBPython\graphql-flask\flask2\Lib\site-packages\django\middleware\security.py first seen with mtime 1700740613.0674703
File C:\VGBPython\graphql-flask\flask2\Lib\site-packages\django\middleware\cache.py first seen with mtime 1700740613.0478976
File C:\VGBPython\graphql-flask\flask2\Lib\site-packages\django\utils\tree.py first seen with mtime 1700740613.2902832
File C:\VGBPython\graphql-flask\flask2\Lib\site-packages\django\utils\functional.py first seen with mtime 1700740613.2517345
File C:\Program Files\WindowsApps\PythonSoftwareFoundation.Python.3.11_3.11.2032.0_x64__qbz5n2kfra8p0\Lib\subprocess.py first seen with mtime 1695137090.595015
File C:\VGBPython\graphql-flask\flask2\Lib\site-packages\django\contrib\messages\apps.py first seen with mtime 1700740609.9388845
File C:\VGBPython\graphql-flask\flask2\Lib\site-packages\django\db\backends\utils.py first seen with mtime 1700740612.460662
File C:\VGBPython\graphql-flask\flask2\Lib\site-packages\sqlparse\filters\others.py first seen with mtime 1700740601.2598753
File C:\VGBPython\graphql-flask\flask2\Lib\site-packages\django\db\models\fields\proxy.py first seen with mtime 1700740612.661528
File C:\Program Files\WindowsApps\PythonSoftwareFoundation.Python.3.11_3.11.2032.0_x64__qbz5n2kfra8p0\Lib\_compression.py first seen with mtime 1688739904.0344563
File C:\VGBPython\graphql-flask\flask2\Lib\site-packages\django\db\models\functions\text.py first seen with mtime 1700740612.6844106
File C:\Program Files\WindowsApps\PythonSoftwareFoundation.Python.3.11_3.11.2032.0_x64__qbz5n2kfra8p0\Lib\asyncio\taskgroups.py first seen with mtime 1701762250.6533713
File C:\VGBPython\graphql-flask\flask2\Lib\site-packages\django\contrib\auth\apps.py first seen with mtime 1700740606.666756
File C:\Program Files\WindowsApps\PythonSoftwareFoundation.Python.3.11_3.11.2032.0_x64__qbz5n2kfra8p0\Lib\heapq.py first seen with mtime 1688739899.4156568
File C:\Program Files\WindowsApps\PythonSoftwareFoundation.Python.3.11_3.11.2032.0_x64__qbz5n2kfra8p0\Lib\_weakrefset.py first seen with mtime 1688739904.0414872
File C:\VGBPython\graphql-flask\flask2\Lib\site-packages\django\db\models\functions\window.py first seen with mtime 1700740612.6878467
File C:\VGBPython\graphql-flask\flask2\Lib\site-packages\django\utils\asyncio.py first seen with mtime 1700740613.2114975
File C:\Program Files\WindowsApps\PythonSoftwareFoundation.Python.3.11_3.11.2032.0_x64__qbz5n2kfra8p0\Lib\asyncio\proactor_events.py first seen with mtime 1688739898.1720438
File C:\Program Files\WindowsApps\PythonSoftwareFoundation.Python.3.11_3.11.2032.0_x64__qbz5n2kfra8p0\Lib\asyncio\transports.py first seen with mtime 1688739898.1960413
File C:\Program Files\WindowsApps\PythonSoftwareFoundation.Python.3.11_3.11.2032.0_x64__qbz5n2kfra8p0\Lib\asyncio\windows_events.py first seen with mtime 1688739898.2020361
File C:\VGBPython\graphql-flask\flask2\Lib\site-packages\django\db\backends\postgresql\__init__.py first seen with mtime 1700740612.5383792
File C:\VGBPython\graphql-flask\flask2\djangoServer2\djangoServer\manage.py first seen with mtime 1700933265.052169
File C:\Program Files\WindowsApps\PythonSoftwareFoundation.Python.3.11_3.11.2032.0_x64__qbz5n2kfra8p0\Lib\random.py first seen with mtime 1688739900.6753414
File C:\Program Files\WindowsApps\PythonSoftwareFoundation.Python.3.11_3.11.2032.0_x64__qbz5n2kfra8p0\Lib\asyncio\__init__.py first seen with mtime 1688739898.2050433
File C:\VGBPython\graphql-flask\flask2\Lib\site-packages\django\template\base.py first seen with mtime 1700740613.0770664
File C:\Program Files\WindowsApps\PythonSoftwareFoundation.Python.3.11_3.11.2032.0_x64__qbz5n2kfra8p0\Lib\hmac.py first seen with mtime 1688739899.4166083
File C:\Program Files\WindowsApps\PythonSoftwareFoundation.Python.3.11_3.11.2032.0_x64__qbz5n2kfra8p0\Lib\asyncio\mixins.py first seen with mtime 1688739898.1700358
File C:\Program Files\WindowsApps\PythonSoftwareFoundation.Python.3.11_3.11.2032.0_x64__qbz5n2kfra8p0\Lib\wsgiref\headers.py first seen with mtime 1688739903.902191
File C:\VGBPython\graphql-flask\flask2\Lib\site-packages\psycopg2\_json.py first seen with mtime 1700496360.9848964
File C:\Program Files\WindowsApps\PythonSoftwareFoundation.Python.3.11_3.11.2032.0_x64__qbz5n2kfra8p0\Lib\asyncio\queues.py first seen with mtime 1688739898.176078
File C:\VGBPython\graphql-flask\flask2\Lib\site-packages\django\contrib\admin\models.py first seen with mtime 1700740604.5733879
File C:\VGBPython\graphql-flask\flask2\Lib\site-packages\django\db\models\functions\comparison.py first seen with mtime 1700740612.6757722
File C:\Program Files\WindowsApps\PythonSoftwareFoundation.Python.3.11_3.11.2032.0_x64__qbz5n2kfra8p0\Lib\gzip.py first seen with mtime 1688739899.4136598
File C:\VGBPython\graphql-flask\flask2\Lib\site-packages\django\contrib\admin\widgets.py first seen with mtime 1700740604.5829363
File C:\VGBPython\graphql-flask\flask2\Lib\site-packages\django\db\models\sql\datastructures.py first seen with mtime 1700740612.6977072
File C:\Program Files\WindowsApps\PythonSoftwareFoundation.Python.3.11_3.11.2032.0_x64__qbz5n2kfra8p0\Lib\ctypes\_endian.py first seen with mtime 1688739898.4181378
File C:\VGBPython\graphql-flask\flask2\Lib\site-packages\django\templatetags\i18n.py first seen with mtime 1700740613.152031
File C:\VGBPython\graphql-flask\flask2\Lib\site-packages\django\db\models\functions\__init__.py first seen with mtime 1700740612.6742642
File C:\VGBPython\graphql-flask\flask2\Lib\site-packages\django\template\loaders\__init__.py first seen with mtime 1700740613.131691
File C:\VGBPython\graphql-flask\flask2\Lib\site-packages\django\views\__init__.py first seen with mtime 1700740613.3072598
File C:\VGBPython\graphql-flask\flask2\Lib\site-packages\django\db\models\functions\mixins.py first seen with mtime 1700740612.682801
File C:\VGBPython\graphql-flask\flask2\Lib\site-packages\django\middleware\csrf.py first seen with mtime 1700740613.0559587
File C:\VGBPython\graphql-flask\flask2\Lib\site-packages\django\contrib\sessions\backends\base.py first seen with mtime 1700740610.9806094
File C:\VGBPython\graphql-flask\flask2\djangoServer2\djangoServer\dbapp\views.py first seen with mtime 1702040027.9774618
File C:\VGBPython\graphql-flask\flask2\Lib\site-packages\django\middleware\common.py first seen with mtime 1700740613.052895
File C:\VGBPython\graphql-flask\flask2\Lib\site-packages\django\contrib\sessions\exceptions.py first seen with mtime 1700740610.9720726
File C:\VGBPython\graphql-flask\flask2\Lib\site-packages\django\contrib\sessions\backends\__init__.py first seen with mtime 1700740610.978603
File C:\VGBPython\graphql-flask\flask2\Lib\site-packages\django\contrib\messages\middleware.py first seen with mtime 1700740609.943411
